Mock API server running at http://localhost:3000
Mock API server running at http://localhost:3000
PayloadTooLargeError: request entity too large
    at readStream (/home/ubuntu/zhangweikun/AD/node_modules/raw-body/index.js:163:17)
    at getRawBody (/home/ubuntu/zhangweikun/AD/node_modules/raw-body/index.js:116:12)
    at read (/home/ubuntu/zhangweikun/AD/node_modules/body-parser/lib/read.js:74:3)
    at jsonParser (/home/ubuntu/zhangweikun/AD/node_modules/body-parser/lib/types/json.js:125:5)
    at Layer.handleRequest (/home/ubuntu/zhangweikun/AD/node_modules/router/lib/layer.js:152:17)
    at trimPrefix (/home/ubuntu/zhangweikun/AD/node_modules/router/index.js:342:13)
    at /home/ubuntu/zhangweikun/AD/node_modules/router/index.js:297:9
    at processParams (/home/ubuntu/zhangweikun/AD/node_modules/router/index.js:582:12)
    at next (/home/ubuntu/zhangweikun/AD/node_modules/router/index.js:291:5)
    at cors (/home/ubuntu/zhangweikun/AD/node_modules/cors/lib/index.js:188:7)
PayloadTooLargeError: request entity too large
    at readStream (/home/ubuntu/zhangweikun/AD/node_modules/raw-body/index.js:163:17)
    at getRawBody (/home/ubuntu/zhangweikun/AD/node_modules/raw-body/index.js:116:12)
    at read (/home/ubuntu/zhangweikun/AD/node_modules/body-parser/lib/read.js:74:3)
    at jsonParser (/home/ubuntu/zhangweikun/AD/node_modules/body-parser/lib/types/json.js:125:5)
    at Layer.handleRequest (/home/ubuntu/zhangweikun/AD/node_modules/router/lib/layer.js:152:17)
    at trimPrefix (/home/ubuntu/zhangweikun/AD/node_modules/router/index.js:342:13)
    at /home/ubuntu/zhangweikun/AD/node_modules/router/index.js:297:9
    at processParams (/home/ubuntu/zhangweikun/AD/node_modules/router/index.js:582:12)
    at next (/home/ubuntu/zhangweikun/AD/node_modules/router/index.js:291:5)
    at cors (/home/ubuntu/zhangweikun/AD/node_modules/cors/lib/index.js:188:7)
Mock API server running at http://localhost:3000
Mock API server running at http://localhost:3000
Mock API server running at http://localhost:3000
Mock API server running at http://localhost:3000
Mock API server running at http://localhost:3000
Mock API server running at http://localhost:3000
